<?xml version="1.0" encoding="UTF-8"?>
<!-- Generated by org.testng.reporters.JUnitReportReporter -->
<testsuite skipped="0" hostname="DESKTOP-H02L9S3" name="com.accionlabs.test.mobile.HomePageMobileView" tests="3" failures="0" timestamp="2020-05-09T19:56:41 IST" time="2.635" errors="0">
  <testcase name="verifyLogoDisplay" time="0.190" classname="com.accionlabs.test.mobile.HomePageMobileView"/>
  <system-out/>
  <testcase name="verifyCurrentUrl" time="0.047" classname="com.accionlabs.test.mobile.HomePageMobileView"/>
  <system-out/>
  <testcase name="verifyHomepageLinks" time="2.398" classname="com.accionlabs.test.mobile.HomePageMobileView"/>
  <system-out/>
</testsuite> <!-- com.accionlabs.test.mobile.HomePageMobileView -->
