<?xml version="1.0" encoding="UTF-8"?>
<!-- Generated by org.testng.reporters.JUnitReportReporter -->
<testsuite skipped="0" hostname="DESKTOP-H02L9S3" name="com.accionlabs.test.web.HomePageTest" tests="2" failures="0" timestamp="2020-05-09T18:17:02 IST" time="1.745" errors="0">
  <testcase name="verifyHomepageLinks" time="1.115" classname="com.accionlabs.test.web.HomePageTest"/>
  <system-out/>
  <testcase name="verifyCurrentUrl" time="0.630" classname="com.accionlabs.test.web.HomePageTest"/>
  <system-out/>
</testsuite> <!-- com.accionlabs.test.web.HomePageTest -->
