<?xml version="1.0" encoding="UTF-8"?>
<!-- Generated by org.testng.reporters.JUnitReportReporter -->
<testsuite skipped="0" hostname="DESKTOP-H02L9S3" name="com.accionlabs.test.testcases.HomePageTest" tests="1" failures="0" timestamp="2020-05-08T18:31:24 IST" time="0.024" errors="0">
  <testcase name="verifyCurrentUrl" time="0.024" classname="com.accionlabs.test.testcases.HomePageTest"/>
  <system-out/>
</testsuite> <!-- com.accionlabs.test.testcases.HomePageTest -->
